#
# There is insufficient memory for the Java Runtime Environment to continue.
# Native memory allocation (malloc) failed to allocate 1210960 bytes for Chunk::new
# Possible reasons:
#   The system is out of physical RAM or swap space
#   The process is running with CompressedOops enabled, and the Java Heap may be blocking the growth of the native heap
# Possible solutions:
#   Reduce memory load on the system
#   Increase physical memory or swap space
#   Check if swap backing store is full
#   Decrease Java heap size (-Xmx/-Xms)
#   Decrease number of Java threads
#   Decrease Java thread stack sizes (-Xss)
#   Set larger code cache with -XX:ReservedCodeCacheSize=
#   JVM is running with Unscaled Compressed Oops mode in which the Java heap is
#     placed in the first 4GB address space. The Java Heap base address is the
#     maximum limit for the native heap growth. Please use -XX:HeapBaseMinAddress
#     to set the Java Heap base and to place the Java Heap above 4GB virtual address.
# This output file may be truncated or incomplete.
#
#  Out of Memory Error (allocation.cpp:389), pid=6816, tid=0x0000000000001074
#
# JRE version: OpenJDK Runtime Environment (8.0_212-b04) (build 1.8.0_212-release-1586-b04)
# Java VM: OpenJDK 64-Bit Server VM (25.212-b04 mixed mode windows-amd64 compressed oops)
# Failed to write core dump. Minidumps are not enabled by default on client versions of Windows
#

---------------  T H R E A D  ---------------

Current thread (0x0000000016a4f000):  JavaThread "C2 CompilerThread1" daemon [_thread_in_native, id=4212, stack(0x00000000181a0000,0x00000000182a0000)]

Stack: [0x00000000181a0000,0x00000000182a0000]
[error occurred during error reporting (printing stack bounds), id 0xc0000005]

Native frames: (J=compiled Java code, j=interpreted, Vv=VM code, C=native code)


Current CompileTask:
C2:4321940 13400   !   4       org.gradle.api.internal.artifacts.ivyservice.resolveengine.artifact.ArtifactBackedResolvedVariant$DownloadArtifactFile::run (50 bytes)


---------------  P R O C E S S  ---------------

Java Threads: ( => current thread )
  0x00000000233dc800 JavaThread "Cache worker for execution history cache (C:\Users\user\AndroidStudioProjects\TheatreApp1\.gradle\5.4.1\executionHistory)" [_thread_blocked, id=1972, stack(0x0000000026aa0000,0x0000000026ba0000)]
  0x00000000233de000 JavaThread "Execution worker for ':' Thread 3" [_thread_blocked, id=2452, stack(0x0000000026d00000,0x0000000026e00000)]
  0x00000000233db000 JavaThread "Execution worker for ':' Thread 2" [_thread_blocked, id=692, stack(0x0000000026c00000,0x0000000026d00000)]
  0x0000000019b94800 JavaThread "Execution worker for ':'" [_thread_in_native, id=3576, stack(0x00000000267a0000,0x00000000268a0000)]
  0x0000000019b90000 JavaThread "Cache worker for file content cache (C:\Users\user\AndroidStudioProjects\TheatreApp1\.gradle\5.4.1\fileContent)" [_thread_blocked, id=5088, stack(0x00000000246b0000,0x00000000247b0000)]
  0x0000000019b8f000 JavaThread "Cache worker for file content cache (C:\Users\user\.gradle\caches\5.4.1\fileContent)" [_thread_blocked, id=1772, stack(0x00000000245b0000,0x00000000246b0000)]
  0x0000000019b96000 JavaThread "Cache worker for Build Output Cleanup Cache (C:\Users\user\AndroidStudioProjects\TheatreApp1\.gradle\buildOutputCleanup)" [_thread_blocked, id=5748, stack(0x00000000244b0000,0x00000000245b0000)]
  0x0000000019b93000 JavaThread "Build operations Thread 4" [_thread_blocked, id=4976, stack(0x0000000021750000,0x0000000021850000)]
  0x0000000019b93800 JavaThread "Build operations Thread 3" [_thread_blocked, id=4124, stack(0x0000000021650000,0x0000000021750000)]
  0x0000000019b95000 JavaThread "Build operations Thread 2" [_thread_blocked, id=4776, stack(0x0000000021350000,0x0000000021450000)]
  0x0000000019b92000 JavaThread "Build operations" [_thread_blocked, id=4844, stack(0x0000000021250000,0x0000000021350000)]
  0x0000000019b91800 JavaThread "Cache worker for cache directory md-rule (C:\Users\user\.gradle\caches\5.4.1\md-rule)" [_thread_blocked, id=4748, stack(0x0000000020650000,0x0000000020750000)]
  0x0000000019b87800 JavaThread "Cache worker for cache directory md-supplier (C:\Users\user\.gradle\caches\5.4.1\md-supplier)" [_thread_blocked, id=5188, stack(0x000000001f290000,0x000000001f390000)]
  0x0000000019b8d000 JavaThread "Cache worker for file hash cache (C:\Users\user\AndroidStudioProjects\TheatreApp1\.gradle\5.4.1\fileHashes)" [_thread_blocked, id=5964, stack(0x000000001d960000,0x000000001da60000)]
  0x0000000019b8a800 JavaThread "Thread-42" [_thread_blocked, id=6324, stack(0x000000001c290000,0x000000001c390000)]
  0x0000000019b8d800 JavaThread "Stdin handler" [_thread_blocked, id=4956, stack(0x000000001c090000,0x000000001c190000)]
  0x0000000019b8c000 JavaThread "Asynchronous log dispatcher for DefaultDaemonConnection: socket connection from /127.0.0.1:50226 to /127.0.0.1:50322" [_thread_blocked, id=3748, stack(0x000000001bf90000,0x000000001c090000)]
  0x0000000019b87000 JavaThread "Daemon worker Thread 3" [_thread_blocked, id=3560, stack(0x000000001be90000,0x000000001bf90000)]
  0x0000000019b10800 JavaThread "Cancel handler" [_thread_blocked, id=5732, stack(0x000000001bb90000,0x000000001bc90000)]
  0x0000000019b16000 JavaThread "Handler for socket connection from /127.0.0.1:50226 to /127.0.0.1:50322" [_thread_in_native, id=7164, stack(0x000000001ba90000,0x000000001bb90000)]
  0x0000000019b15000 JavaThread "Daemon Thread 3" [_thread_blocked, id=6628, stack(0x0000000001540000,0x0000000001640000)]
  0x0000000019b8e800 JavaThread "Memory manager" [_thread_blocked, id=4368, stack(0x000000001c190000,0x000000001c290000)]
  0x0000000019b0f000 JavaThread "Cache worker for execution history cache (C:\Users\user\.gradle\caches\5.4.1\executionHistory)" [_thread_blocked, id=6760, stack(0x0000000020750000,0x0000000020850000)]
  0x0000000019b13000 JavaThread "Cache worker for journal cache (C:\Users\user\.gradle\caches\journal-1)" [_thread_blocked, id=3408, stack(0x000000001c590000,0x000000001c690000)]
  0x0000000019b13800 JavaThread "File lock request listener" [_thread_in_native, id=4448, stack(0x000000001c490000,0x000000001c590000)]
  0x00000000199dd800 JavaThread "Cache worker for file hash cache (C:\Users\user\.gradle\caches\5.4.1\fileHashes)" [_thread_blocked, id=4600, stack(0x000000001c390000,0x000000001c490000)]
  0x00000000197e9000 JavaThread "Daemon periodic checks" [_thread_blocked, id=5128, stack(0x000000001b990000,0x000000001ba90000)]
  0x00000000197e3800 JavaThread "Incoming local TCP Connector on port 50226" [_thread_in_native, id=2328, stack(0x000000001b140000,0x000000001b240000)]
  0x000000001a216000 JavaThread "Daemon health stats" [_thread_blocked, id=4708, stack(0x000000001b270000,0x000000001b370000)]
  0x00000000183c0800 JavaThread "Service Thread" daemon [_thread_blocked, id=4356, stack(0x00000000187a0000,0x00000000188a0000)]
  0x0000000016a52000 JavaThread "C1 CompilerThread2" daemon [_thread_blocked, id=4560, stack(0x00000000182a0000,0x00000000183a0000)]
=>0x0000000016a4f000 JavaThread "C2 CompilerThread1" daemon [_thread_in_native, id=4212, stack(0x00000000181a0000,0x00000000182a0000)]
  0x0000000016a4b000 JavaThread "C2 CompilerThread0" daemon [_thread_in_native, id=6320, stack(0x00000000180a0000,0x00000000181a0000)]
  0x0000000016a58800 JavaThread "Attach Listener" daemon [_thread_blocked, id=5956, stack(0x0000000017fa0000,0x00000000180a0000)]
  0x0000000016a57800 JavaThread "Signal Dispatcher" daemon [_thread_blocked, id=3580, stack(0x0000000017ea0000,0x0000000017fa0000)]
  0x00000000030db000 JavaThread "Finalizer" daemon [_thread_blocked, id=6488, stack(0x0000000017cc0000,0x0000000017dc0000)]
  0x0000000016a39000 JavaThread "Reference Handler" daemon [_thread_blocked, id=3712, stack(0x0000000017bc0000,0x0000000017cc0000)]
  0x0000000002fdd800 JavaThread "main" [_thread_blocked, id=2800, stack(0x0000000002e30000,0x0000000002f30000)]

Other Threads:
  0x0000000016a16000 VMThread [stack: 0x0000000017ac0000,0x0000000017bc0000] [id=6520]
  0x0000000016aae000 WatcherThread [stack: 0x00000000188a0000,0x00000000189a0000] [id=1492]

VM state:not at safepoint (normal execution)

VM Mutex/Monitor currently owned by a thread: None

heap address: 0x00000000a0000000, size: 1536 MB, Compressed Oops mode: 32-bit
Narrow klass base: 0x0000000000000000, Narrow klass shift: 3
Compressed class space size: 1073741824 Address: 0x0000000100000000

Heap:
 PSYoungGen      total 309760K, used 36652K [0x00000000e0000000, 0x00000000f7e00000, 0x0000000100000000)
  eden space 289280K, 11% used [0x00000000e0000000,0x00000000e1f800f8,0x00000000f1a80000)
  from space 20480K, 21% used [0x00000000f1a80000,0x00000000f1ecb210,0x00000000f2e80000)
  to   space 12288K, 0% used [0x00000000f2e80000,0x00000000f2e80000,0x00000000f3a80000)
 ParOldGen       total 82944K, used 49879K [0x00000000a0000000, 0x00000000a5100000, 0x00000000e0000000)
  object space 82944K, 60% used [0x00000000a0000000,0x00000000a30b5d70,0x00000000a5100000)
 Metaspace       used 76729K, capacity 79182K, committed 81152K, reserved 1120256K
  class space    used 9833K, capacity 10381K, committed 10752K, reserved 1048576K

Card table byte_map: [0x00000000124a0000,0x00000000127b0000] byte_map_base: 0x0000000011fa0000

Marking Bits: (ParMarkBitMap*) 0x000000005f5e9f30
 Begin Bits: [0x0000000012db0000, 0x00000000145b0000)
 End Bits:   [0x00000000145b0000, 0x0000000015db0000)

Polling page: 0x00000000016c0000

CodeCache: size=245760Kb used=38685Kb max_used=38685Kb free=207074Kb
 bounds [0x00000000030e0000, 0x00000000056e0000, 0x00000000120e0000]
 total_blobs=12083 nmethods=11253 adapters=742
 compilation: enabled

Compilation events (10 events):
Event: 4320.415 Thread 0x0000000016a52000 13412       3       org.gradle.internal.snapshot.RelativePathStringTracker::getRelativePathString (13 bytes)
Event: 4320.415 Thread 0x0000000016a52000 nmethod 13412 0x00000000056b7e10 code [0x00000000056b7f80, 0x00000000056b8288]
Event: 4320.416 Thread 0x0000000016a52000 13413       3       org.gradle.internal.fingerprint.impl.RelativePathFingerprintingStrategy$1::visit (62 bytes)
Event: 4320.416 Thread 0x0000000016a52000 nmethod 13413 0x00000000056b6bd0 code [0x00000000056b6de0, 0x00000000056b78d8]
Event: 4320.416 Thread 0x0000000016a52000 13414       3       org.gradle.internal.fingerprint.impl.RelativePathFingerprintingStrategy$1::createFingerprint (43 bytes)
Event: 4320.417 Thread 0x0000000016a52000 nmethod 13414 0x00000000056d1250 code [0x00000000056d14a0, 0x00000000056d2258]
Event: 4320.417 Thread 0x0000000016a52000 13415       3       org.gradle.internal.fingerprint.impl.RelativePathFingerprintingStrategy$1::preVisitDirectory (82 bytes)
Event: 4320.418 Thread 0x0000000016a52000 nmethod 13415 0x00000000056d2990 code [0x00000000056d2be0, 0x00000000056d3ad8]
Event: 4320.418 Thread 0x0000000016a52000 13416       3       org.gradle.internal.fingerprint.impl.RelativePathFingerprintingStrategy$1::postVisitDirectory (8 bytes)
Event: 4320.418 Thread 0x0000000016a52000 nmethod 13416 0x00000000056d4210 code [0x00000000056d43a0, 0x00000000056d4738]

GC Heap History (10 events):
Event: 4302.584 GC heap before
{Heap before GC invocations=21 (full 3):
 PSYoungGen      total 295936K, used 295481K [0x00000000e0000000, 0x00000000f3a80000, 0x0000000100000000)
  eden space 280064K, 100% used [0x00000000e0000000,0x00000000f1180000,0x00000000f1180000)
  from space 15872K, 97% used [0x00000000f1f00000,0x00000000f2e0e740,0x00000000f2e80000)
  to   space 12288K, 0% used [0x00000000f2e80000,0x00000000f2e80000,0x00000000f3a80000)
 ParOldGen       total 82944K, used 58267K [0x00000000a0000000, 0x00000000a5100000, 0x00000000e0000000)
  object space 82944K, 70% used [0x00000000a0000000,0x00000000a38e6d48,0x00000000a5100000)
 Metaspace       used 77051K, capacity 80228K, committed 80384K, reserved 1118208K
  class space    used 9967K, capacity 10675K, committed 10752K, reserved 1048576K
Event: 4302.606 GC heap after
Heap after GC invocations=21 (full 3):
 PSYoungGen      total 301568K, used 11506K [0x00000000e0000000, 0x00000000f7e00000, 0x0000000100000000)
  eden space 289280K, 0% used [0x00000000e0000000,0x00000000e0000000,0x00000000f1a80000)
  from space 12288K, 93% used [0x00000000f2e80000,0x00000000f39bcaf8,0x00000000f3a80000)
  to   space 20480K, 0% used [0x00000000f1a80000,0x00000000f1a80000,0x00000000f2e80000)
 ParOldGen       total 82944K, used 67064K [0x00000000a0000000, 0x00000000a5100000, 0x00000000e0000000)
  object space 82944K, 80% used [0x00000000a0000000,0x00000000a417e0d8,0x00000000a5100000)
 Metaspace       used 77051K, capacity 80228K, committed 80384K, reserved 1118208K
  class space    used 9967K, capacity 10675K, committed 10752K, reserved 1048576K
}
Event: 4303.076 GC heap before
{Heap before GC invocations=22 (full 3):
 PSYoungGen      total 301568K, used 300786K [0x00000000e0000000, 0x00000000f7e00000, 0x0000000100000000)
  eden space 289280K, 100% used [0x00000000e0000000,0x00000000f1a80000,0x00000000f1a80000)
  from space 12288K, 93% used [0x00000000f2e80000,0x00000000f39bcaf8,0x00000000f3a80000)
  to   space 20480K, 0% used [0x00000000f1a80000,0x00000000f1a80000,0x00000000f2e80000)
 ParOldGen       total 82944K, used 67064K [0x00000000a0000000, 0x00000000a5100000, 0x00000000e0000000)
  object space 82944K, 80% used [0x00000000a0000000,0x00000000a417e0d8,0x00000000a5100000)
 Metaspace       used 77064K, capacity 80228K, committed 80384K, reserved 1118208K
  class space    used 9967K, capacity 10675K, committed 10752K, reserved 1048576K
Event: 4303.087 GC heap after
Heap after GC invocations=22 (full 3):
 PSYoungGen      total 309760K, used 5954K [0x00000000e0000000, 0x00000000f7e00000, 0x0000000100000000)
  eden space 289280K, 0% used [0x00000000e0000000,0x00000000e0000000,0x00000000f1a80000)
  from space 20480K, 29% used [0x00000000f1a80000,0x00000000f2050bd8,0x00000000f2e80000)
  to   space 12288K, 0% used [0x00000000f2e80000,0x00000000f2e80000,0x00000000f3a80000)
 ParOldGen       total 82944K, used 73885K [0x00000000a0000000, 0x00000000a5100000, 0x00000000e0000000)
  object space 82944K, 89% used [0x00000000a0000000,0x00000000a48275e8,0x00000000a5100000)
 Metaspace       used 77064K, capacity 80228K, committed 80384K, reserved 1118208K
  class space    used 9967K, capacity 10675K, committed 10752K, reserved 1048576K
}
Event: 4303.087 GC heap before
{Heap before GC invocations=23 (full 4):
 PSYoungGen      total 309760K, used 5954K [0x00000000e0000000, 0x00000000f7e00000, 0x0000000100000000)
  eden space 289280K, 0% used [0x00000000e0000000,0x00000000e0000000,0x00000000f1a80000)
  from space 20480K, 29% used [0x00000000f1a80000,0x00000000f2050bd8,0x00000000f2e80000)
  to   space 12288K, 0% used [0x00000000f2e80000,0x00000000f2e80000,0x00000000f3a80000)
 ParOldGen       total 82944K, used 73885K [0x00000000a0000000, 0x00000000a5100000, 0x00000000e0000000)
  object space 82944K, 89% used [0x00000000a0000000,0x00000000a48275e8,0x00000000a5100000)
 Metaspace       used 77064K, capacity 80228K, committed 80384K, reserved 1118208K
  class space    used 9967K, capacity 10675K, committed 10752K, reserved 1048576K
Event: 4303.474 GC heap after
Heap after GC invocations=23 (full 4):
 PSYoungGen      total 309760K, used 0K [0x00000000e0000000, 0x00000000f7e00000, 0x0000000100000000)
  eden space 289280K, 0% used [0x00000000e0000000,0x00000000e0000000,0x00000000f1a80000)
  from space 20480K, 0% used [0x00000000f1a80000,0x00000000f1a80000,0x00000000f2e80000)
  to   space 12288K, 0% used [0x00000000f2e80000,0x00000000f2e80000,0x00000000f3a80000)
 ParOldGen       total 82944K, used 47970K [0x00000000a0000000, 0x00000000a5100000, 0x00000000e0000000)
  object space 82944K, 57% used [0x00000000a0000000,0x00000000a2ed8be8,0x00000000a5100000)
 Metaspace       used 75904K, capacity 78236K, committed 80384K, reserved 1118208K
  class space    used 9737K, capacity 10272K, committed 10752K, reserved 1048576K
}
Event: 4304.989 GC heap before
{Heap before GC invocations=24 (full 4):
 PSYoungGen      total 309760K, used 289280K [0x00000000e0000000, 0x00000000f7e00000, 0x0000000100000000)
  eden space 289280K, 100% used [0x00000000e0000000,0x00000000f1a80000,0x00000000f1a80000)
  from space 20480K, 0% used [0x00000000f1a80000,0x00000000f1a80000,0x00000000f2e80000)
  to   space 12288K, 0% used [0x00000000f2e80000,0x00000000f2e80000,0x00000000f3a80000)
 ParOldGen       total 82944K, used 47970K [0x00000000a0000000, 0x00000000a5100000, 0x00000000e0000000)
  object space 82944K, 57% used [0x00000000a0000000,0x00000000a2ed8be8,0x00000000a5100000)
 Metaspace       used 75920K, capacity 78306K, committed 80384K, reserved 1118208K
  class space    used 9737K, capacity 10273K, committed 10752K, reserved 1048576K
Event: 4304.995 GC heap after
Heap after GC invocations=24 (full 4):
 PSYoungGen      total 301568K, used 2226K [0x00000000e0000000, 0x00000000f7e00000, 0x0000000100000000)
  eden space 289280K, 0% used [0x00000000e0000000,0x00000000e0000000,0x00000000f1a80000)
  from space 12288K, 18% used [0x00000000f2e80000,0x00000000f30aca70,0x00000000f3a80000)
  to   space 20480K, 0% used [0x00000000f1a80000,0x00000000f1a80000,0x00000000f2e80000)
 ParOldGen       total 82944K, used 47978K [0x00000000a0000000, 0x00000000a5100000, 0x00000000e0000000)
  object space 82944K, 57% used [0x00000000a0000000,0x00000000a2edabe8,0x00000000a5100000)
 Metaspace       used 75920K, capacity 78306K, committed 80384K, reserved 1118208K
  class space    used 9737K, capacity 10273K, committed 10752K, reserved 1048576K
}
Event: 4319.064 GC heap before
{Heap before GC invocations=25 (full 4):
 PSYoungGen      total 301568K, used 291502K [0x00000000e0000000, 0x00000000f7e00000, 0x0000000100000000)
  eden space 289280K, 99% used [0x00000000e0000000,0x00000000f1a7f158,0x00000000f1a80000)
  from space 12288K, 18% used [0x00000000f2e80000,0x00000000f30aca70,0x00000000f3a80000)
  to   space 20480K, 0% used [0x00000000f1a80000,0x00000000f1a80000,0x00000000f2e80000)
 ParOldGen       total 82944K, used 47978K [0x00000000a0000000, 0x00000000a5100000, 0x00000000e0000000)
  object space 82944K, 57% used [0x00000000a0000000,0x00000000a2edabe8,0x00000000a5100000)
 Metaspace       used 76661K, capacity 79086K, committed 80896K, reserved 1120256K
  class space    used 9825K, capacity 10375K, committed 10752K, reserved 1048576K
Event: 4319.073 GC heap after
Heap after GC invocations=25 (full 4):
 PSYoungGen      total 309760K, used 4396K [0x00000000e0000000, 0x00000000f7e00000, 0x0000000100000000)
  eden space 289280K, 0% used [0x00000000e0000000,0x00000000e0000000,0x00000000f1a80000)
  from space 20480K, 21% used [0x00000000f1a80000,0x00000000f1ecb210,0x00000000f2e80000)
  to   space 12288K, 0% used [0x00000000f2e80000,0x00000000f2e80000,0x00000000f3a80000)
 ParOldGen       total 82944K, used 49879K [0x00000000a0000000, 0x00000000a5100000, 0x00000000e0000000)
  object space 82944K, 60% used [0x00000000a0000000,0x00000000a30b5d70,0x00000000a5100000)
 Metaspace       used 76661K, capacity 79086K, committed 80896K, reserved 1120256K
  class space    used 9825K, capacity 10375K, committed 10752K, reserved 1048576K
}

Deoptimization events (10 events):
Event: 4318.854 Thread 0x00000000233de000 Uncommon trap: reason=unstable_if action=reinterpret pc=0x00000000047df318 method=sun.nio.cs.StreamEncoder.implWrite([CII)V @ 51
Event: 4319.701 Thread 0x0000000019b94800 Uncommon trap: reason=unstable_if action=reinterpret pc=0x00000000033c2a10 method=com.google.gson.stream.JsonReader.nextString()Ljava/lang/String; @ 47
Event: 4319.994 Thread 0x0000000019b94800 Uncommon trap: reason=class_check action=maybe_recompile pc=0x0000000004b09024 method=com.google.common.collect.ImmutableSet$Builder.addDeduping(Ljava/lang/Object;)V @ 9
Event: 4319.995 Thread 0x0000000019b94800 Uncommon trap: reason=class_check action=maybe_recompile pc=0x0000000004b09024 method=com.google.common.collect.ImmutableSet$Builder.addDeduping(Ljava/lang/Object;)V @ 9
Event: 4319.995 Thread 0x0000000019b94800 Uncommon trap: reason=class_check action=maybe_recompile pc=0x0000000004b09024 method=com.google.common.collect.ImmutableSet$Builder.addDeduping(Ljava/lang/Object;)V @ 9
Event: 4319.995 Thread 0x0000000019b94800 Uncommon trap: reason=class_check action=maybe_recompile pc=0x0000000004b09024 method=com.google.common.collect.ImmutableSet$Builder.addDeduping(Ljava/lang/Object;)V @ 9
Event: 4320.016 Thread 0x0000000019b94800 Uncommon trap: reason=class_check action=maybe_recompile pc=0x0000000004fb4c78 method=org.gradle.internal.snapshot.DirectorySnapshot.accept(Lorg/gradle/internal/snapshot/FileSystemSnapshotVisitor;)V @ 52
Event: 4320.017 Thread 0x0000000019b94800 Uncommon trap: reason=class_check action=maybe_recompile pc=0x0000000004fb5080 method=org.gradle.internal.snapshot.DirectorySnapshot.accept(Lorg/gradle/internal/snapshot/FileSystemSnapshotVisitor;)V @ 52
Event: 4320.413 Thread 0x0000000019b94800 Uncommon trap: reason=class_check action=maybe_recompile pc=0x0000000004fb4c78 method=org.gradle.internal.snapshot.DirectorySnapshot.accept(Lorg/gradle/internal/snapshot/FileSystemSnapshotVisitor;)V @ 52
Event: 4320.427 Thread 0x0000000019b94800 Uncommon trap: reason=unstable_if action=reinterpret pc=0x00000000055ebbf4 method=org.gradle.api.internal.changedetection.state.CachingFileHasher.snapshot(Ljava/io/File;JJ)Lorg/gradle/api/internal/changedetection/state/CachingFileHasher$FileInfo; @ 48

Classes redefined (0 events):
No events

Internal exceptions (10 events):
Event: 4318.014 Thread 0x00000000233db000 Exception <a 'sun/nio/fs/WindowsException'> (0x00000000f1097730) thrown at [D:\src\AOSP-openjdk-cygwin\jdk8u\hotspot\src\share\vm\prims\jni.cpp, line 710]
Event: 4318.067 Thread 0x0000000019b94800 Exception <a 'sun/nio/fs/WindowsException'> (0x00000000f12376b8) thrown at [D:\src\AOSP-openjdk-cygwin\jdk8u\hotspot\src\share\vm\prims\jni.cpp, line 710]
Event: 4318.232 Thread 0x00000000233de000 Exception <a 'sun/nio/fs/WindowsException'> (0x00000000f1425cc0) thrown at [D:\src\AOSP-openjdk-cygwin\jdk8u\hotspot\src\share\vm\prims\jni.cpp, line 710]
Event: 4318.235 Thread 0x0000000019b87000 Exception <a 'sun/nio/fs/WindowsException'> (0x00000000f0c36c50) thrown at [D:\src\AOSP-openjdk-cygwin\jdk8u\hotspot\src\share\vm\prims\jni.cpp, line 710]
Event: 4318.237 Thread 0x00000000233db000 Exception <a 'sun/nio/fs/WindowsException'> (0x00000000f14d2278) thrown at [D:\src\AOSP-openjdk-cygwin\jdk8u\hotspot\src\share\vm\prims\jni.cpp, line 710]
Event: 4318.531 Thread 0x0000000019b94800 Exception <a 'sun/nio/fs/WindowsException'> (0x00000000f1272098) thrown at [D:\src\AOSP-openjdk-cygwin\jdk8u\hotspot\src\share\vm\prims\jni.cpp, line 710]
Event: 4318.729 Thread 0x00000000233de000 Exception <a 'sun/nio/fs/WindowsException'> (0x00000000f1472410) thrown at [D:\src\AOSP-openjdk-cygwin\jdk8u\hotspot\src\share\vm\prims\jni.cpp, line 710]
Event: 4318.729 Thread 0x00000000233db000 Exception <a 'sun/nio/fs/WindowsException'> (0x00000000f150b230) thrown at [D:\src\AOSP-openjdk-cygwin\jdk8u\hotspot\src\share\vm\prims\jni.cpp, line 710]
Event: 4318.797 Thread 0x0000000019b87000 Exception <a 'sun/nio/fs/WindowsException'> (0x00000000f0c74288) thrown at [D:\src\AOSP-openjdk-cygwin\jdk8u\hotspot\src\share\vm\prims\jni.cpp, line 710]
Event: 4319.735 Thread 0x0000000019b8a800 Exception <a 'java/lang/NoSuchMethodError': <clinit>> (0x00000000e0e6eba8) thrown at [D:\src\AOSP-openjdk-cygwin\jdk8u\hotspot\src\share\vm\prims\jni.cpp, line 1614]

Events (10 events):
Event: 4320.016 Thread 0x0000000019b94800 DEOPT UNPACKING pc=0x000000000312557b sp=0x000000002689d670 mode 2
Event: 4320.017 Thread 0x0000000019b94800 Uncommon trap: trap_request=0xffffffde fr.pc=0x0000000004fb5080
Event: 4320.017 Thread 0x0000000019b94800 DEOPT PACKING pc=0x0000000004fb5080 sp=0x000000002689d700
Event: 4320.017 Thread 0x0000000019b94800 DEOPT UNPACKING pc=0x000000000312557b sp=0x000000002689d6e0 mode 2
Event: 4320.413 Thread 0x0000000019b94800 Uncommon trap: trap_request=0xffffffde fr.pc=0x0000000004fb4c78
Event: 4320.413 Thread 0x0000000019b94800 DEOPT PACKING pc=0x0000000004fb4c78 sp=0x000000002689d700
Event: 4320.413 Thread 0x0000000019b94800 DEOPT UNPACKING pc=0x000000000312557b sp=0x000000002689d670 mode 2
Event: 4320.427 Thread 0x0000000019b94800 Uncommon trap: trap_request=0xffffff65 fr.pc=0x00000000055ebbf4
Event: 4320.427 Thread 0x0000000019b94800 DEOPT PACKING pc=0x00000000055ebbf4 sp=0x000000002689d3f0
Event: 4320.427 Thread 0x0000000019b94800 DEOPT UNPACKING pc=0x000000000312557b sp=0x000000002689d420 mode 2


Dynamic libraries:
0x00007ff760130000 - 0x00007ff760161000 	C:\Program Files\Android\Android Studio\jre\bin\java.exe
0x00007ffb6f9f0000 - 0x00007ffb6fbb2000 	C:\Windows\SYSTEM32\ntdll.dll
0x00007ffb6f780000 - 0x00007ffb6f82d000 	C:\Windows\system32\KERNEL32.DLL
0x00007ffb6ce70000 - 0x00007ffb6d04d000 	C:\Windows\system32\KERNELBASE.dll
0x00007ffb6ee70000 - 0x00007ffb6ef16000 	C:\Windows\system32\ADVAPI32.dll
0x00007ffb6d1a0000 - 0x00007ffb6d23d000 	C:\Windows\system32\msvcrt.dll
0x00007ffb6ef20000 - 0x00007ffb6ef7b000 	C:\Windows\system32\sechost.dll
0x00007ffb6ef80000 - 0x00007ffb6f0a6000 	C:\Windows\system32\RPCRT4.dll
0x00007ffb6ead0000 - 0x00007ffb6ec1e000 	C:\Windows\system32\USER32.dll
0x00007ffb6d240000 - 0x00007ffb6d3c3000 	C:\Windows\system32\GDI32.dll
0x00007ffb5c4a0000 - 0x00007ffb5c714000 	C:\Windows\WinSxS\amd64_microsoft.windows.common-controls_6595b64144ccf1df_6.0.10240.17184_none_f41d7a705752bce6\COMCTL32.dll
0x00007ffb6f9b0000 - 0x00007ffb6f9e6000 	C:\Windows\system32\IMM32.DLL
0x00007ffb6f620000 - 0x00007ffb6f77c000 	C:\Windows\system32\MSCTF.dll
0x000000005e870000 - 0x000000005e942000 	C:\Program Files\Android\Android Studio\jre\jre\bin\msvcr100.dll
0x000000005ee20000 - 0x000000005f666000 	C:\Program Files\Android\Android Studio\jre\jre\bin\server\jvm.dll
0x00007ffb6d190000 - 0x00007ffb6d198000 	C:\Windows\system32\PSAPI.DLL
0x00007ffb6a9d0000 - 0x00007ffb6a9f3000 	C:\Windows\SYSTEM32\WINMM.dll
0x00007ffb4bb00000 - 0x00007ffb4bb09000 	C:\Windows\SYSTEM32\WSOCK32.dll
0x00007ffb62020000 - 0x00007ffb6202a000 	C:\Windows\SYSTEM32\VERSION.dll
0x00007ffb6ee00000 - 0x00007ffb6ee69000 	C:\Windows\system32\WS2_32.dll
0x00007ffb6f4e0000 - 0x00007ffb6f4e8000 	C:\Windows\system32\NSI.dll
0x0000000002e00000 - 0x0000000002e2c000 	C:\Windows\SYSTEM32\WINMMBASE.dll
0x00007ffb6c560000 - 0x00007ffb6c5a4000 	C:\Windows\system32\cfgmgr32.dll
0x00007ffb6ad90000 - 0x00007ffb6adb7000 	C:\Windows\SYSTEM32\DEVOBJ.dll
0x00007ffb696a0000 - 0x00007ffb696af000 	C:\Program Files\Android\Android Studio\jre\jre\bin\verify.dll
0x00007ffb67830000 - 0x00007ffb67859000 	C:\Program Files\Android\Android Studio\jre\jre\bin\java.dll
0x00007ffb67b10000 - 0x00007ffb67b26000 	C:\Program Files\Android\Android Studio\jre\jre\bin\zip.dll
0x00007ffb6d5a0000 - 0x00007ffb6eac3000 	C:\Windows\system32\SHELL32.dll
0x00007ffb6c840000 - 0x00007ffb6ce69000 	C:\Windows\system32\windows.storage.dll
0x00007ffb6f260000 - 0x00007ffb6f4dc000 	C:\Windows\system32\combase.dll
0x00007ffb6ec20000 - 0x00007ffb6ec71000 	C:\Windows\system32\shlwapi.dll
0x00007ffb6c410000 - 0x00007ffb6c41f000 	C:\Windows\system32\kernel.appcore.dll
0x00007ffb6c780000 - 0x00007ffb6c833000 	C:\Windows\system32\shcore.dll
0x00007ffb6c420000 - 0x00007ffb6c46a000 	C:\Windows\system32\powrprof.dll
0x00007ffb6c470000 - 0x00007ffb6c483000 	C:\Windows\system32\profapi.dll
0x00007ffb67810000 - 0x00007ffb6782a000 	C:\Program Files\Android\Android Studio\jre\jre\bin\net.dll
0x00007ffb61760000 - 0x00007ffb618f7000 	C:\Windows\SYSTEM32\urlmon.dll
0x00007ffb659a0000 - 0x00007ffb65d1e000 	C:\Windows\SYSTEM32\iertutil.dll
0x00007ffb6be50000 - 0x00007ffb6be5b000 	C:\Windows\SYSTEM32\CRYPTBASE.dll
0x00007ffb6c260000 - 0x00007ffb6c2cb000 	C:\Windows\SYSTEM32\bcryptPrimitives.dll
0x00007ffb6bc80000 - 0x00007ffb6bcdd000 	C:\Windows\system32\mswsock.dll
0x00007ffb677f0000 - 0x00007ffb67803000 	C:\Program Files\Android\Android Studio\jre\jre\bin\nio.dll
0x00007ffb55500000 - 0x00007ffb55526000 	C:\Users\user\.gradle\native\29\windows-amd64\native-platform.dll
0x00007ffb677e0000 - 0x00007ffb677ed000 	C:\Program Files\Android\Android Studio\jre\jre\bin\management.dll
0x00007ffb6bce0000 - 0x00007ffb6bcf7000 	C:\Windows\SYSTEM32\CRYPTSP.dll
0x00007ffb6bf50000 - 0x00007ffb6bf78000 	C:\Windows\SYSTEM32\bcrypt.dll
0x00007ffb6b930000 - 0x00007ffb6b963000 	C:\Windows\system32\rsaenh.dll
0x00007ffb6bad0000 - 0x00007ffb6baef000 	C:\Windows\SYSTEM32\USERENV.dll
0x00007ffb69850000 - 0x00007ffb69888000 	C:\Windows\SYSTEM32\IPHLPAPI.DLL
0x00007ffb69710000 - 0x00007ffb6971b000 	C:\Windows\SYSTEM32\WINNSI.DLL
0x00007ffb645b0000 - 0x00007ffb645c6000 	C:\Windows\SYSTEM32\dhcpcsvc6.DLL
0x00007ffb64590000 - 0x00007ffb645aa000 	C:\Windows\SYSTEM32\dhcpcsvc.DLL

VM Arguments:
jvm_args: -Xmx1536m -Dfile.encoding=windows-1252 -Duser.country=US -Duser.language=en -Duser.variant 
java_command: org.gradle.launcher.daemon.bootstrap.GradleDaemon 5.4.1
java_class_path (initial): C:\Users\user\.gradle\wrapper\dists\gradle-5.4.1-all\3221gyojl5jsh0helicew7rwx\gradle-5.4.1\lib\gradle-launcher-5.4.1.jar
Launcher Type: SUN_STANDARD

Environment Variables:
JAVA_HOME=C:\Program Files\Java\jdk1.8.0_231
PATH=C:\Windows\system32;C:\Windows;C:\Windows\System32\Wbem;C:\Windows\System32\WindowsPowerShell\v1.0\;C:\Program Files\Java\jdk-11.0.2\bin;C:\Program Files\Java\jdk1.8.0_231\bin;C:\Users\user\AppData\Local\Programs\Python\Python38;C:\Program Files\Git\cmd;C:\Program Files\Java\jdk-11.0.2\bin;C:\Program Files\Java\jdk1.8.0_231\bin;%DASHLANE_DLL_DIR%
USERNAME=JUST
OS=Windows_NT
PROCESSOR_IDENTIFIER=Intel64 Family 6 Model 69 Stepping 1, GenuineIntel



---------------  S Y S T E M  ---------------

OS: Windows 10.0 , 64 bit Build 10240 (10.0.10240.17113)

CPU:total 4 (initial active 4) (2 cores per cpu, 2 threads per core) family 6 model 69 stepping 1, cmov, cx8, fxsr, mmx, sse, sse2, sse3, ssse3, sse4.1, sse4.2, popcnt, avx, avx2, aes, clmul, erms, lzcnt, ht, tsc, tscinvbit, bmi1, bmi2

Memory: 4k page, physical 3874620k(705736k free), swap 5275452k(5984k free)

vm_info: OpenJDK 64-Bit Server VM (25.212-b04) for windows-amd64 JRE (1.8.0_212-release-1586-b04), built by "builder" with MS VC++ 10.0 (VS2010)

time: Sun May 31 14:03:56 2020
timezone: E. Africa Standard Time
elapsed time: 4320 seconds (0d 1h 12m 0s)

