#
# There is insufficient memory for the Java Runtime Environment to continue.
# Native memory allocation (malloc) failed to allocate 32744 bytes for ChunkPool::allocate
# Possible reasons:
#   The system is out of physical RAM or swap space
#   The process is running with CompressedOops enabled, and the Java Heap may be blocking the growth of the native heap
# Possible solutions:
#   Reduce memory load on the system
#   Increase physical memory or swap space
#   Check if swap backing store is full
#   Decrease Java heap size (-Xmx/-Xms)
#   Decrease number of Java threads
#   Decrease Java thread stack sizes (-Xss)
#   Set larger code cache with -XX:ReservedCodeCacheSize=
#   JVM is running with Unscaled Compressed Oops mode in which the Java heap is
#     placed in the first 4GB address space. The Java Heap base address is the
#     maximum limit for the native heap growth. Please use -XX:HeapBaseMinAddress
#     to set the Java Heap base and to place the Java Heap above 4GB virtual address.
# This output file may be truncated or incomplete.
#
#  Out of Memory Error (allocation.cpp:272), pid=5416, tid=0x000000000000182c
#
# JRE version: OpenJDK Runtime Environment (8.0_212-b04) (build 1.8.0_212-release-1586-b04)
# Java VM: OpenJDK 64-Bit Server VM (25.212-b04 mixed mode windows-amd64 compressed oops)
# Failed to write core dump. Minidumps are not enabled by default on client versions of Windows
#

---------------  T H R E A D  ---------------

Current thread (0x0000000016503000):  JavaThread "C1 CompilerThread2" daemon [_thread_in_native, id=6188, stack(0x0000000017d50000,0x0000000017e50000)]

Stack: [0x0000000017d50000,0x0000000017e50000]
[error occurred during error reporting (printing stack bounds), id 0xc0000005]

Native frames: (J=compiled Java code, j=interpreted, Vv=VM code, C=native code)


Current CompileTask:
C1:  25453 9235       3       com.android.tools.r8.ir.regalloc.LinearScanRegisterAllocator::a (3743 bytes)


---------------  P R O C E S S  ---------------

Java Threads: ( => current thread )
  0x000000001b693000 JavaThread "Cache worker for execution history cache (C:\Users\user\AndroidStudioProjects\TheatreApp1\.gradle\5.4.1\executionHistory)" [_thread_blocked, id=2700, stack(0x0000000023a30000,0x0000000023b30000)]
  0x000000001b691800 JavaThread "Execution worker for ':' Thread 3" [_thread_in_Java, id=3680, stack(0x0000000023930000,0x0000000023a30000)]
  0x000000001b68d800 JavaThread "Execution worker for ':' Thread 2" [_thread_in_vm, id=4300, stack(0x0000000023830000,0x0000000023930000)]
  0x000000001b694800 JavaThread "Execution worker for ':'" [_thread_in_vm, id=6064, stack(0x0000000023730000,0x0000000023830000)]
  0x000000001b693800 JavaThread "Cache worker for file content cache (C:\Users\user\AndroidStudioProjects\TheatreApp1\.gradle\5.4.1\fileContent)" [_thread_blocked, id=1968, stack(0x0000000023030000,0x0000000023130000)]
  0x000000001b68a000 JavaThread "Cache worker for file content cache (C:\Users\user\.gradle\caches\5.4.1\fileContent)" [_thread_blocked, id=6156, stack(0x0000000022dc0000,0x0000000022ec0000)]
  0x000000001b68d000 JavaThread "Memory manager" [_thread_blocked, id=5796, stack(0x0000000022f30000,0x0000000023030000)]
  0x000000001b68a800 JavaThread "Cache worker for Build Output Cleanup Cache (C:\Users\user\AndroidStudioProjects\TheatreApp1\.gradle\buildOutputCleanup)" [_thread_blocked, id=3428, stack(0x0000000021610000,0x0000000021710000)]
  0x000000001b688800 JavaThread "Build operations Thread 4" [_thread_blocked, id=5780, stack(0x0000000021cc0000,0x0000000021dc0000)]
  0x000000001b687800 JavaThread "Build operations Thread 3" [_thread_blocked, id=5320, stack(0x0000000021bc0000,0x0000000021cc0000)]
  0x000000001b689000 JavaThread "Build operations Thread 2" [_thread_blocked, id=4552, stack(0x0000000021840000,0x0000000021940000)]
  0x000000001b68c000 JavaThread "Build operations" [_thread_blocked, id=7128, stack(0x0000000021740000,0x0000000021840000)]
  0x000000001b687000 JavaThread "Cache worker for execution history cache (C:\Users\user\.gradle\caches\5.4.1\executionHistory)" [_thread_blocked, id=2616, stack(0x0000000021310000,0x0000000021410000)]
  0x00000000198a6000 JavaThread "Cache worker for cache directory md-rule (C:\Users\user\.gradle\caches\5.4.1\md-rule)" [_thread_blocked, id=300, stack(0x0000000021210000,0x0000000021310000)]
  0x00000000198a5000 JavaThread "Cache worker for cache directory md-supplier (C:\Users\user\.gradle\caches\5.4.1\md-supplier)" [_thread_blocked, id=5316, stack(0x000000001eb10000,0x000000001ec10000)]
  0x00000000198a4800 JavaThread "Cache worker for file hash cache (C:\Users\user\AndroidStudioProjects\TheatreApp1\.gradle\5.4.1\fileHashes)" [_thread_blocked, id=304, stack(0x000000001c410000,0x000000001c510000)]
  0x00000000198a9000 JavaThread "Cache worker for journal cache (C:\Users\user\.gradle\caches\journal-1)" [_thread_blocked, id=1368, stack(0x000000001b040000,0x000000001b140000)]
  0x00000000198a8000 JavaThread "File lock request listener" [_thread_in_native, id=1044, stack(0x000000001af40000,0x000000001b040000)]
  0x00000000199a1800 JavaThread "Cache worker for file hash cache (C:\Users\user\.gradle\caches\5.4.1\fileHashes)" [_thread_blocked, id=6916, stack(0x000000001ae40000,0x000000001af40000)]
  0x0000000019774800 JavaThread "Thread-9" [_thread_blocked, id=7020, stack(0x000000001ad40000,0x000000001ae40000)]
  0x0000000019773800 JavaThread "Stdin handler" [_thread_blocked, id=2524, stack(0x000000001ac40000,0x000000001ad40000)]
  0x0000000019773000 JavaThread "Asynchronous log dispatcher for DefaultDaemonConnection: socket connection from /127.0.0.1:50393 to /127.0.0.1:50394" [_thread_blocked, id=1788, stack(0x000000001ab40000,0x000000001ac40000)]
  0x0000000019605800 JavaThread "Daemon worker" [_thread_in_vm, id=1540, stack(0x000000001aa40000,0x000000001ab40000)]
  0x0000000019779800 JavaThread "Cancel handler" [_thread_blocked, id=5144, stack(0x000000001a940000,0x000000001aa40000)]
  0x0000000019743800 JavaThread "Handler for socket connection from /127.0.0.1:50393 to /127.0.0.1:50394" [_thread_in_native, id=4812, stack(0x000000001a640000,0x000000001a740000)]
  0x000000001973d800 JavaThread "Daemon" [_thread_blocked, id=6808, stack(0x000000001a540000,0x000000001a640000)]
  0x000000001945d000 JavaThread "Daemon periodic checks" [_thread_blocked, id=4716, stack(0x000000001a440000,0x000000001a540000)]
  0x00000000197c8000 JavaThread "Incoming local TCP Connector on port 50393" [_thread_in_native, id=6424, stack(0x000000001a260000,0x000000001a360000)]
  0x000000001957c000 JavaThread "Daemon health stats" [_thread_blocked, id=796, stack(0x0000000019c20000,0x0000000019d20000)]
  0x0000000017e78800 JavaThread "Service Thread" daemon [_thread_blocked, id=1928, stack(0x0000000018250000,0x0000000018350000)]
=>0x0000000016503000 JavaThread "C1 CompilerThread2" daemon [_thread_in_native, id=6188, stack(0x0000000017d50000,0x0000000017e50000)]
  0x00000000164fc800 JavaThread "C2 CompilerThread1" daemon [_thread_in_native, id=2692, stack(0x0000000017c50000,0x0000000017d50000)]
  0x0000000016508000 JavaThread "C2 CompilerThread0" daemon [_thread_in_native, id=4112, stack(0x0000000017b50000,0x0000000017c50000)]
  0x0000000016507000 JavaThread "Attach Listener" daemon [_thread_blocked, id=4172, stack(0x0000000017a50000,0x0000000017b50000)]
  0x0000000016505800 JavaThread "Signal Dispatcher" daemon [_thread_blocked, id=2680, stack(0x0000000017950000,0x0000000017a50000)]
  0x0000000002b8c800 JavaThread "Finalizer" daemon [_thread_blocked, id=4392, stack(0x0000000017770000,0x0000000017870000)]
  0x00000000164e9000 JavaThread "Reference Handler" daemon [_thread_blocked, id=2764, stack(0x0000000017670000,0x0000000017770000)]
  0x0000000002a8d800 JavaThread "main" [_thread_blocked, id=5240, stack(0x0000000002980000,0x0000000002a80000)]

Other Threads:
  0x00000000164c6000 VMThread [stack: 0x0000000017570000,0x0000000017670000] [id=784]
  0x000000001655e000 WatcherThread [stack: 0x0000000018350000,0x0000000018450000] [id=2876]

VM state:not at safepoint (normal execution)

VM Mutex/Monitor currently owned by a thread: None

OutOfMemory and StackOverflow Exception counts:
OutOfMemoryError java_heap_errors=1

heap address: 0x00000000a0000000, size: 1536 MB, Compressed Oops mode: 32-bit
Narrow klass base: 0x0000000000000000, Narrow klass shift: 3
Compressed class space size: 1073741824 Address: 0x0000000100000000

Heap:
 PSYoungGen      total 259584K, used 156440K [0x00000000e0000000, 0x00000000f4480000, 0x0000000100000000)
  eden space 236032K, 56% used [0x00000000e0000000,0x00000000e81cb898,0x00000000ee680000)
  from space 23552K, 99% used [0x00000000ee680000,0x00000000efd7a9a0,0x00000000efd80000)
  to   space 28672K, 0% used [0x00000000f2880000,0x00000000f2880000,0x00000000f4480000)
 ParOldGen       total 93696K, used 40124K [0x00000000a0000000, 0x00000000a5b80000, 0x00000000e0000000)
  object space 93696K, 42% used [0x00000000a0000000,0x00000000a272f0e8,0x00000000a5b80000)
 Metaspace       used 68032K, capacity 70612K, committed 70912K, reserved 1110016K
  class space    used 9316K, capacity 9906K, committed 9984K, reserved 1048576K

Card table byte_map: [0x0000000011f50000,0x0000000012260000] byte_map_base: 0x0000000011a50000

Marking Bits: (ParMarkBitMap*) 0x000000005f5e9f30
 Begin Bits: [0x0000000012860000, 0x0000000014060000)
 End Bits:   [0x0000000014060000, 0x0000000015860000)

Polling page: 0x0000000002890000

CodeCache: size=245760Kb used=25832Kb max_used=25843Kb free=219928Kb
 bounds [0x0000000002b90000, 0x00000000044f0000, 0x0000000011b90000]
 total_blobs=8986 nmethods=8178 adapters=720
 compilation: enabled

Compilation events (10 events):
Event: 25.415 Thread 0x0000000016508000 nmethod 9234 0x00000000044d1d50 code [0x00000000044d1ec0, 0x00000000044d2158]
Event: 25.415 Thread 0x0000000016508000 9087       4       com.android.tools.r8.graph.DexType::toSourceString (44 bytes)
Event: 25.430 Thread 0x0000000016508000 nmethod 9087 0x00000000044e2310 code [0x00000000044e24a0, 0x00000000044e2cb8]
Event: 25.430 Thread 0x0000000016508000 9203       4       java.util.TreeMap::colorOf (13 bytes)
Event: 25.431 Thread 0x0000000016508000 nmethod 9203 0x0000000004144110 code [0x0000000004144240, 0x0000000004144298]
Event: 25.433 Thread 0x0000000016508000 9236       4       com.android.tools.r8.ir.regalloc.a::a (90 bytes)
Event: 25.438 Thread 0x0000000016508000 nmethod 9236 0x00000000044c8090 code [0x00000000044c81e0, 0x00000000044c8578]
Event: 25.438 Thread 0x0000000016508000 9247       4       com.android.tools.r8.ir.code.Position::equals (74 bytes)
Event: 25.439 Thread 0x0000000016508000 nmethod 9247 0x00000000044d1a90 code [0x00000000044d1be0, 0x00000000044d1c98]
Event: 25.440 Thread 0x0000000016508000 9250       4       com.android.tools.r8.ir.optimize.z::a (260 bytes)

GC Heap History (10 events):
Event: 6.647 GC heap before
{Heap before GC invocations=10 (full 2):
 PSYoungGen      total 202240K, used 11706K [0x00000000e0000000, 0x00000000ed500000, 0x0000000100000000)
  eden space 189440K, 0% used [0x00000000e0000000,0x00000000e0000000,0x00000000eb900000)
  from space 12800K, 91% used [0x00000000ec880000,0x00000000ed3eea20,0x00000000ed500000)
  to   space 14336K, 0% used [0x00000000eb900000,0x00000000eb900000,0x00000000ec700000)
 ParOldGen       total 38400K, used 11727K [0x00000000a0000000, 0x00000000a2580000, 0x00000000e0000000)
  object space 38400K, 30% used [0x00000000a0000000,0x00000000a0b73c80,0x00000000a2580000)
 Metaspace       used 34714K, capacity 35366K, committed 35456K, reserved 1079296K
  class space    used 4771K, capacity 4986K, committed 4992K, reserved 1048576K
Event: 6.745 GC heap after
Heap after GC invocations=10 (full 2):
 PSYoungGen      total 202240K, used 0K [0x00000000e0000000, 0x00000000ed500000, 0x0000000100000000)
  eden space 189440K, 0% used [0x00000000e0000000,0x00000000e0000000,0x00000000eb900000)
  from space 12800K, 0% used [0x00000000ec880000,0x00000000ec880000,0x00000000ed500000)
  to   space 14336K, 0% used [0x00000000eb900000,0x00000000eb900000,0x00000000ec700000)
 ParOldGen       total 59392K, used 18559K [0x00000000a0000000, 0x00000000a3a00000, 0x00000000e0000000)
  object space 59392K, 31% used [0x00000000a0000000,0x00000000a121ffe8,0x00000000a3a00000)
 Metaspace       used 34708K, capacity 35348K, committed 35456K, reserved 1079296K
  class space    used 4770K, capacity 4983K, committed 4992K, reserved 1048576K
}
Event: 9.171 GC heap before
{Heap before GC invocations=11 (full 2):
 PSYoungGen      total 202240K, used 189440K [0x00000000e0000000, 0x00000000ed500000, 0x0000000100000000)
  eden space 189440K, 100% used [0x00000000e0000000,0x00000000eb900000,0x00000000eb900000)
  from space 12800K, 0% used [0x00000000ec880000,0x00000000ec880000,0x00000000ed500000)
  to   space 14336K, 0% used [0x00000000eb900000,0x00000000eb900000,0x00000000ec700000)
 ParOldGen       total 59392K, used 18559K [0x00000000a0000000, 0x00000000a3a00000, 0x00000000e0000000)
  object space 59392K, 31% used [0x00000000a0000000,0x00000000a121ffe8,0x00000000a3a00000)
 Metaspace       used 50276K, capacity 51600K, committed 51712K, reserved 1093632K
  class space    used 6781K, capacity 7103K, committed 7168K, reserved 1048576K
Event: 9.207 GC heap after
Heap after GC invocations=11 (full 2):
 PSYoungGen      total 203776K, used 14333K [0x00000000e0000000, 0x00000000f1100000, 0x0000000100000000)
  eden space 189440K, 0% used [0x00000000e0000000,0x00000000e0000000,0x00000000eb900000)
  from space 14336K, 99% used [0x00000000eb900000,0x00000000ec6ff578,0x00000000ec700000)
  to   space 19968K, 0% used [0x00000000efd80000,0x00000000efd80000,0x00000000f1100000)
 ParOldGen       total 59392K, used 26382K [0x00000000a0000000, 0x00000000a3a00000, 0x00000000e0000000)
  object space 59392K, 44% used [0x00000000a0000000,0x00000000a19c3950,0x00000000a3a00000)
 Metaspace       used 50276K, capacity 51600K, committed 51712K, reserved 1093632K
  class space    used 6781K, capacity 7103K, committed 7168K, reserved 1048576K
}
Event: 11.322 GC heap before
{Heap before GC invocations=12 (full 2):
 PSYoungGen      total 203776K, used 126925K [0x00000000e0000000, 0x00000000f1100000, 0x0000000100000000)
  eden space 189440K, 59% used [0x00000000e0000000,0x00000000e6df4148,0x00000000eb900000)
  from space 14336K, 99% used [0x00000000eb900000,0x00000000ec6ff578,0x00000000ec700000)
  to   space 19968K, 0% used [0x00000000efd80000,0x00000000efd80000,0x00000000f1100000)
 ParOldGen       total 59392K, used 26382K [0x00000000a0000000, 0x00000000a3a00000, 0x00000000e0000000)
  object space 59392K, 44% used [0x00000000a0000000,0x00000000a19c3950,0x00000000a3a00000)
 Metaspace       used 57457K, capacity 58994K, committed 59096K, reserved 1099776K
  class space    used 7821K, capacity 8225K, committed 8320K, reserved 1048576K
Event: 11.348 GC heap after
Heap after GC invocations=12 (full 2):
 PSYoungGen      total 256000K, used 19940K [0x00000000e0000000, 0x00000000f1600000, 0x0000000100000000)
  eden space 236032K, 0% used [0x00000000e0000000,0x00000000e0000000,0x00000000ee680000)
  from space 19968K, 99% used [0x00000000efd80000,0x00000000f10f90e8,0x00000000f1100000)
  to   space 23552K, 0% used [0x00000000ee680000,0x00000000ee680000,0x00000000efd80000)
 ParOldGen       total 59392K, used 28615K [0x00000000a0000000, 0x00000000a3a00000, 0x00000000e0000000)
  object space 59392K, 48% used [0x00000000a0000000,0x00000000a1bf1d10,0x00000000a3a00000)
 Metaspace       used 57457K, capacity 58994K, committed 59096K, reserved 1099776K
  class space    used 7821K, capacity 8225K, committed 8320K, reserved 1048576K
}
Event: 11.348 GC heap before
{Heap before GC invocations=13 (full 3):
 PSYoungGen      total 256000K, used 19940K [0x00000000e0000000, 0x00000000f1600000, 0x0000000100000000)
  eden space 236032K, 0% used [0x00000000e0000000,0x00000000e0000000,0x00000000ee680000)
  from space 19968K, 99% used [0x00000000efd80000,0x00000000f10f90e8,0x00000000f1100000)
  to   space 23552K, 0% used [0x00000000ee680000,0x00000000ee680000,0x00000000efd80000)
 ParOldGen       total 59392K, used 28615K [0x00000000a0000000, 0x00000000a3a00000, 0x00000000e0000000)
  object space 59392K, 48% used [0x00000000a0000000,0x00000000a1bf1d10,0x00000000a3a00000)
 Metaspace       used 57457K, capacity 58994K, committed 59096K, reserved 1099776K
  class space    used 7821K, capacity 8225K, committed 8320K, reserved 1048576K
Event: 11.625 GC heap after
Heap after GC invocations=13 (full 3):
 PSYoungGen      total 256000K, used 0K [0x00000000e0000000, 0x00000000f1600000, 0x0000000100000000)
  eden space 236032K, 0% used [0x00000000e0000000,0x00000000e0000000,0x00000000ee680000)
  from space 19968K, 0% used [0x00000000efd80000,0x00000000efd80000,0x00000000f1100000)
  to   space 23552K, 0% used [0x00000000ee680000,0x00000000ee680000,0x00000000efd80000)
 ParOldGen       total 93696K, used 37171K [0x00000000a0000000, 0x00000000a5b80000, 0x00000000e0000000)
  object space 93696K, 39% used [0x00000000a0000000,0x00000000a244cf80,0x00000000a5b80000)
 Metaspace       used 57457K, capacity 58994K, committed 59096K, reserved 1099776K
  class space    used 7821K, capacity 8225K, committed 8320K, reserved 1048576K
}
Event: 24.122 GC heap before
{Heap before GC invocations=14 (full 3):
 PSYoungGen      total 256000K, used 236032K [0x00000000e0000000, 0x00000000f1600000, 0x0000000100000000)
  eden space 236032K, 100% used [0x00000000e0000000,0x00000000ee680000,0x00000000ee680000)
  from space 19968K, 0% used [0x00000000efd80000,0x00000000efd80000,0x00000000f1100000)
  to   space 23552K, 0% used [0x00000000ee680000,0x00000000ee680000,0x00000000efd80000)
 ParOldGen       total 93696K, used 37171K [0x00000000a0000000, 0x00000000a5b80000, 0x00000000e0000000)
  object space 93696K, 39% used [0x00000000a0000000,0x00000000a244cf80,0x00000000a5b80000)
 Metaspace       used 62303K, capacity 64466K, committed 64640K, reserved 1105920K
  class space    used 8465K, capacity 8977K, committed 9088K, reserved 1048576K
Event: 24.152 GC heap after
Heap after GC invocations=14 (full 3):
 PSYoungGen      total 259584K, used 23530K [0x00000000e0000000, 0x00000000f4480000, 0x0000000100000000)
  eden space 236032K, 0% used [0x00000000e0000000,0x00000000e0000000,0x00000000ee680000)
  from space 23552K, 99% used [0x00000000ee680000,0x00000000efd7a9a0,0x00000000efd80000)
  to   space 28672K, 0% used [0x00000000f2880000,0x00000000f2880000,0x00000000f4480000)
 ParOldGen       total 93696K, used 40124K [0x00000000a0000000, 0x00000000a5b80000, 0x00000000e0000000)
  object space 93696K, 42% used [0x00000000a0000000,0x00000000a272f0e8,0x00000000a5b80000)
 Metaspace       used 62303K, capacity 64466K, committed 64640K, reserved 1105920K
  class space    used 8465K, capacity 8977K, committed 9088K, reserved 1048576K
}

Deoptimization events (10 events):
Event: 24.806 Thread 0x000000001b68d800 Uncommon trap: reason=array_check action=maybe_recompile pc=0x00000000040eccb0 method=java.util.AbstractCollection.toArray([Ljava/lang/Object;)[Ljava/lang/Object; @ 119
Event: 24.918 Thread 0x000000001b694800 Uncommon trap: reason=array_check action=maybe_recompile pc=0x00000000040eccb0 method=java.util.AbstractCollection.toArray([Ljava/lang/Object;)[Ljava/lang/Object; @ 119
Event: 24.935 Thread 0x000000001b691800 Uncommon trap: reason=unstable_if action=reinterpret pc=0x00000000037ce7d8 method=java.util.TreeMap.put(Ljava/lang/Object;Ljava/lang/Object;)Ljava/lang/Object; @ 163
Event: 25.177 Thread 0x000000001b694800 Uncommon trap: reason=bimorphic action=maybe_recompile pc=0x00000000043653b8 method=com.android.tools.r8.ir.code.ValueType.a(Lcom/android/tools/r8/ir/analysis/type/TypeLatticeElement;)Lcom/android/tools/r8/ir/code/ValueType; @ 12
Event: 25.177 Thread 0x000000001b694800 Uncommon trap: reason=bimorphic action=maybe_recompile pc=0x00000000043653b8 method=com.android.tools.r8.ir.code.ValueType.a(Lcom/android/tools/r8/ir/analysis/type/TypeLatticeElement;)Lcom/android/tools/r8/ir/code/ValueType; @ 12
Event: 25.177 Thread 0x000000001b694800 Uncommon trap: reason=bimorphic action=maybe_recompile pc=0x00000000043653b8 method=com.android.tools.r8.ir.code.ValueType.a(Lcom/android/tools/r8/ir/analysis/type/TypeLatticeElement;)Lcom/android/tools/r8/ir/code/ValueType; @ 12
Event: 25.177 Thread 0x000000001b694800 Uncommon trap: reason=bimorphic action=maybe_recompile pc=0x00000000043653b8 method=com.android.tools.r8.ir.code.ValueType.a(Lcom/android/tools/r8/ir/analysis/type/TypeLatticeElement;)Lcom/android/tools/r8/ir/code/ValueType; @ 12
Event: 25.177 Thread 0x000000001b694800 Uncommon trap: reason=bimorphic action=maybe_recompile pc=0x0000000004364694 method=com.android.tools.r8.ir.code.ValueType.a(Lcom/android/tools/r8/ir/analysis/type/TypeLatticeElement;)Lcom/android/tools/r8/ir/code/ValueType; @ 12
Event: 25.346 Thread 0x000000001b68d800 Uncommon trap: reason=bimorphic action=maybe_recompile pc=0x0000000003e57ce4 method=java.util.HashMap.removeNode(ILjava/lang/Object;Ljava/lang/Object;ZZ)Ljava/util/HashMap$Node; @ 68
Event: 25.356 Thread 0x000000001b68d800 Uncommon trap: reason=bimorphic action=maybe_recompile pc=0x0000000003e57ce4 method=java.util.HashMap.removeNode(ILjava/lang/Object;Ljava/lang/Object;ZZ)Ljava/util/HashMap$Node; @ 68

Classes redefined (0 events):
No events

Internal exceptions (10 events):
Event: 24.099 Thread 0x0000000019605800 Exception <a 'sun/nio/fs/WindowsException'> (0x00000000eddc5798) thrown at [D:\src\AOSP-openjdk-cygwin\jdk8u\hotspot\src\share\vm\prims\jni.cpp, line 710]
Event: 24.164 Thread 0x000000001b691800 Exception <a 'java/lang/NoSuchMethodError': java.lang.Object.lambda$identity$2(Ljava/lang/Object;)Ljava/lang/Object;> (0x00000000e03ddbc0) thrown at [D:\src\AOSP-openjdk-cygwin\jdk8u\hotspot\src\share\vm\interpreter\linkResolver.cpp, line 620]
Event: 24.164 Thread 0x0000000019605800 Exception <a 'java/lang/NoSuchMethodError': java.lang.Object.lambda$identity$2(Ljava/lang/Object;)Ljava/lang/Object;> (0x00000000e0092cc0) thrown at [D:\src\AOSP-openjdk-cygwin\jdk8u\hotspot\src\share\vm\interpreter\linkResolver.cpp, line 620]
Event: 24.516 Thread 0x000000001b694800 Exception <a 'java/lang/OutOfMemoryError'> (0x00000000e3f30d60) thrown at [D:\src\AOSP-openjdk-cygwin\jdk8u\hotspot\src\share\vm\prims\jni.cpp, line 736]
Event: 24.538 Thread 0x000000001b694800 Implicit null exception at 0x0000000003eb63dc to 0x0000000003eb7cc5
Event: 24.639 Thread 0x000000001b691800 Exception <a 'java/lang/NoSuchMethodError': java.lang.Object.lambda$maxBy$1(Ljava/util/Comparator;Ljava/lang/Object;Ljava/lang/Object;)Ljava/lang/Object;> (0x00000000e48e2478) thrown at [D:\src\AOSP-openjdk-cygwin\jdk8u\hotspot\src\share\vm\interpreter\li
Event: 24.639 Thread 0x000000001b68d800 Exception <a 'java/lang/NoSuchMethodError': java.lang.Object.lambda$maxBy$1(Ljava/util/Comparator;Ljava/lang/Object;Ljava/lang/Object;)Ljava/lang/Object;> (0x00000000e472afe0) thrown at [D:\src\AOSP-openjdk-cygwin\jdk8u\hotspot\src\share\vm\interpreter\li
Event: 24.639 Thread 0x0000000019605800 Exception <a 'java/lang/NoSuchMethodError': java.lang.Object.lambda$maxBy$1(Ljava/util/Comparator;Ljava/lang/Object;Ljava/lang/Object;)Ljava/lang/Object;> (0x00000000e43883e8) thrown at [D:\src\AOSP-openjdk-cygwin\jdk8u\hotspot\src\share\vm\interpreter\li
Event: 24.687 Thread 0x000000001b694800 Exception <a 'sun/nio/fs/WindowsException'> (0x00000000e54694b0) thrown at [D:\src\AOSP-openjdk-cygwin\jdk8u\hotspot\src\share\vm\prims\jni.cpp, line 710]
Event: 24.701 Thread 0x000000001b68d800 Implicit null exception at 0x00000000035761ef to 0x000000000357628d

Events (10 events):
Event: 25.342 loading class com/android/tools/r8/code/MonitorExit
Event: 25.342 loading class com/android/tools/r8/code/MonitorExit done
Event: 25.346 Thread 0x000000001b68d800 Uncommon trap: trap_request=0xffffffc6 fr.pc=0x0000000003e57ce4
Event: 25.346 Thread 0x000000001b68d800 DEOPT PACKING pc=0x0000000003e57ce4 sp=0x000000002392b970
Event: 25.346 Thread 0x000000001b68d800 DEOPT UNPACKING pc=0x0000000002bd557b sp=0x000000002392b888 mode 2
Event: 25.356 Thread 0x000000001b68d800 Uncommon trap: trap_request=0xffffffc6 fr.pc=0x0000000003e57ce4
Event: 25.356 Thread 0x000000001b68d800 DEOPT PACKING pc=0x0000000003e57ce4 sp=0x000000002392b970
Event: 25.356 Thread 0x000000001b68d800 DEOPT UNPACKING pc=0x0000000002bd557b sp=0x000000002392b888 mode 2
Event: 25.392 loading class com/android/tools/r8/n/a/a/a/g/l
Event: 25.392 loading class com/android/tools/r8/n/a/a/a/g/l done


Dynamic libraries:
0x00007ff760130000 - 0x00007ff760161000 	C:\Program Files\Android\Android Studio\jre\bin\java.exe
0x00007ffb6f9f0000 - 0x00007ffb6fbb2000 	C:\Windows\SYSTEM32\ntdll.dll
0x00007ffb6f780000 - 0x00007ffb6f82d000 	C:\Windows\system32\KERNEL32.DLL
0x00007ffb6ce70000 - 0x00007ffb6d04d000 	C:\Windows\system32\KERNELBASE.dll
0x00007ffb6ee70000 - 0x00007ffb6ef16000 	C:\Windows\system32\ADVAPI32.dll
0x00007ffb6d1a0000 - 0x00007ffb6d23d000 	C:\Windows\system32\msvcrt.dll
0x00007ffb6ef20000 - 0x00007ffb6ef7b000 	C:\Windows\system32\sechost.dll
0x00007ffb6ef80000 - 0x00007ffb6f0a6000 	C:\Windows\system32\RPCRT4.dll
0x00007ffb6ead0000 - 0x00007ffb6ec1e000 	C:\Windows\system32\USER32.dll
0x00007ffb6d240000 - 0x00007ffb6d3c3000 	C:\Windows\system32\GDI32.dll
0x00007ffb5c4a0000 - 0x00007ffb5c714000 	C:\Windows\WinSxS\amd64_microsoft.windows.common-controls_6595b64144ccf1df_6.0.10240.17184_none_f41d7a705752bce6\COMCTL32.dll
0x00007ffb6f9b0000 - 0x00007ffb6f9e6000 	C:\Windows\system32\IMM32.DLL
0x00007ffb6f620000 - 0x00007ffb6f77c000 	C:\Windows\system32\MSCTF.dll
0x000000005e870000 - 0x000000005e942000 	C:\Program Files\Android\Android Studio\jre\jre\bin\msvcr100.dll
0x000000005ee20000 - 0x000000005f666000 	C:\Program Files\Android\Android Studio\jre\jre\bin\server\jvm.dll
0x00007ffb6d190000 - 0x00007ffb6d198000 	C:\Windows\system32\PSAPI.DLL
0x00007ffb6a9d0000 - 0x00007ffb6a9f3000 	C:\Windows\SYSTEM32\WINMM.dll
0x00007ffb62020000 - 0x00007ffb6202a000 	C:\Windows\SYSTEM32\VERSION.dll
0x00007ffb4bb00000 - 0x00007ffb4bb09000 	C:\Windows\SYSTEM32\WSOCK32.dll
0x00007ffb6ee00000 - 0x00007ffb6ee69000 	C:\Windows\system32\WS2_32.dll
0x00007ffb6a8f0000 - 0x00007ffb6a91c000 	C:\Windows\SYSTEM32\WINMMBASE.dll
0x00007ffb6f4e0000 - 0x00007ffb6f4e8000 	C:\Windows\system32\NSI.dll
0x00007ffb6c560000 - 0x00007ffb6c5a4000 	C:\Windows\system32\cfgmgr32.dll
0x00007ffb6ad90000 - 0x00007ffb6adb7000 	C:\Windows\SYSTEM32\DEVOBJ.dll
0x00007ffb696a0000 - 0x00007ffb696af000 	C:\Program Files\Android\Android Studio\jre\jre\bin\verify.dll
0x00007ffb67830000 - 0x00007ffb67859000 	C:\Program Files\Android\Android Studio\jre\jre\bin\java.dll
0x00007ffb67b10000 - 0x00007ffb67b26000 	C:\Program Files\Android\Android Studio\jre\jre\bin\zip.dll
0x00007ffb6d5a0000 - 0x00007ffb6eac3000 	C:\Windows\system32\SHELL32.dll
0x00007ffb6c840000 - 0x00007ffb6ce69000 	C:\Windows\system32\windows.storage.dll
0x00007ffb6f260000 - 0x00007ffb6f4dc000 	C:\Windows\system32\combase.dll
0x00007ffb6ec20000 - 0x00007ffb6ec71000 	C:\Windows\system32\shlwapi.dll
0x00007ffb6c410000 - 0x00007ffb6c41f000 	C:\Windows\system32\kernel.appcore.dll
0x00007ffb6c780000 - 0x00007ffb6c833000 	C:\Windows\system32\shcore.dll
0x00007ffb6c420000 - 0x00007ffb6c46a000 	C:\Windows\system32\powrprof.dll
0x00007ffb6c470000 - 0x00007ffb6c483000 	C:\Windows\system32\profapi.dll
0x00007ffb67810000 - 0x00007ffb6782a000 	C:\Program Files\Android\Android Studio\jre\jre\bin\net.dll
0x00007ffb61760000 - 0x00007ffb618f7000 	C:\Windows\SYSTEM32\urlmon.dll
0x00007ffb659a0000 - 0x00007ffb65d1e000 	C:\Windows\SYSTEM32\iertutil.dll
0x00007ffb6be50000 - 0x00007ffb6be5b000 	C:\Windows\SYSTEM32\CRYPTBASE.dll
0x00007ffb6c260000 - 0x00007ffb6c2cb000 	C:\Windows\SYSTEM32\bcryptPrimitives.dll
0x00007ffb6bc80000 - 0x00007ffb6bcdd000 	C:\Windows\system32\mswsock.dll
0x00007ffb677f0000 - 0x00007ffb67803000 	C:\Program Files\Android\Android Studio\jre\jre\bin\nio.dll
0x00007ffb55500000 - 0x00007ffb55526000 	C:\Users\user\.gradle\native\29\windows-amd64\native-platform.dll
0x00007ffb677e0000 - 0x00007ffb677ed000 	C:\Program Files\Android\Android Studio\jre\jre\bin\management.dll
0x00007ffb6bce0000 - 0x00007ffb6bcf7000 	C:\Windows\SYSTEM32\CRYPTSP.dll
0x00007ffb6bf50000 - 0x00007ffb6bf78000 	C:\Windows\SYSTEM32\bcrypt.dll
0x00007ffb6b930000 - 0x00007ffb6b963000 	C:\Windows\system32\rsaenh.dll
0x00007ffb6bad0000 - 0x00007ffb6baef000 	C:\Windows\SYSTEM32\USERENV.dll
0x00007ffb69850000 - 0x00007ffb69888000 	C:\Windows\SYSTEM32\IPHLPAPI.DLL
0x00007ffb69710000 - 0x00007ffb6971b000 	C:\Windows\SYSTEM32\WINNSI.DLL
0x00007ffb645b0000 - 0x00007ffb645c6000 	C:\Windows\SYSTEM32\dhcpcsvc6.DLL
0x00007ffb64590000 - 0x00007ffb645aa000 	C:\Windows\SYSTEM32\dhcpcsvc.DLL

VM Arguments:
jvm_args: -Xmx1536m -Dfile.encoding=windows-1252 -Duser.country=US -Duser.language=en -Duser.variant 
java_command: org.gradle.launcher.daemon.bootstrap.GradleDaemon 5.4.1
java_class_path (initial): C:\Users\user\.gradle\wrapper\dists\gradle-5.4.1-all\3221gyojl5jsh0helicew7rwx\gradle-5.4.1\lib\gradle-launcher-5.4.1.jar
Launcher Type: SUN_STANDARD

Environment Variables:
JAVA_HOME=C:\Program Files\Java\jdk1.8.0_231
PATH=C:\Windows\system32;C:\Windows;C:\Windows\System32\Wbem;C:\Windows\System32\WindowsPowerShell\v1.0\;C:\Program Files\Java\jdk-11.0.2\bin;C:\Program Files\Java\jdk1.8.0_231\bin;C:\Users\user\AppData\Local\Programs\Python\Python38;C:\Program Files\Git\cmd;C:\Program Files\Java\jdk-11.0.2\bin;C:\Program Files\Java\jdk1.8.0_231\bin;%DASHLANE_DLL_DIR%
USERNAME=JUST
OS=Windows_NT
PROCESSOR_IDENTIFIER=Intel64 Family 6 Model 69 Stepping 1, GenuineIntel



---------------  S Y S T E M  ---------------

OS: Windows 10.0 , 64 bit Build 10240 (10.0.10240.17113)

CPU:total 4 (initial active 4) (2 cores per cpu, 2 threads per core) family 6 model 69 stepping 1, cmov, cx8, fxsr, mmx, sse, sse2, sse3, ssse3, sse4.1, sse4.2, popcnt, avx, avx2, aes, clmul, erms, lzcnt, ht, tsc, tscinvbit, bmi1, bmi2

Memory: 4k page, physical 3874620k(621600k free), swap 5275452k(4092k free)

vm_info: OpenJDK 64-Bit Server VM (25.212-b04) for windows-amd64 JRE (1.8.0_212-release-1586-b04), built by "builder" with MS VC++ 10.0 (VS2010)

time: Sun May 31 14:09:39 2020
timezone: E. Africa Standard Time
elapsed time: 25 seconds (0d 0h 0m 25s)

